<?xml version="1.0" encoding="UTF-8"?>
<!-- Generated by org.testng.reporters.JUnitReportReporter -->
<testsuite skipped="0" hostname="Guru-PC" name="JenkinsLayer.LaunchTest" tests="1" failures="0" timestamp="22 May 2021 18:05:46 GMT" time="14.776" errors="0">
  <testcase name="LaunchFB" time="14.776" classname="JenkinsLayer.LaunchTest"/>
</testsuite> <!-- JenkinsLayer.LaunchTest -->
