<?xml version="1.0" encoding="UTF-8"?>
<!-- Generated by org.testng.reporters.JUnitReportReporter -->
<testsuite skipped="0" hostname="Guru-PC" name="JenkinsLayer.LaunchTestTwitter" tests="1" failures="0" timestamp="23 May 2021 07:23:41 GMT" time="5.213" errors="0">
  <testcase name="LaunchFB" time="5.213" classname="JenkinsLayer.LaunchTestTwitter"/>
</testsuite> <!-- JenkinsLayer.LaunchTestTwitter -->
