<?xml version="1.0" encoding="UTF-8"?>
<!-- Generated by org.testng.reporters.JUnitReportReporter -->
<testsuite skipped="0" hostname="Guru-PC" name="JenkinsLayer.LaunchTestTwitter" tests="1" failures="0" timestamp="23 May 2021 10:52:54 GMT" time="15.316" errors="0">
  <testcase name="LaunchTwitter" time="15.316" classname="JenkinsLayer.LaunchTestTwitter"/>
</testsuite> <!-- JenkinsLayer.LaunchTestTwitter -->
